
ROM used:   624/32768 (2%)
            624/32768 (2%) including unused fragments

            0.7 Average locations per line
            17.8 Average locations per statement

RAM used:   152/2048 (7%) at main() level
            158/2048 (8%) worst case

Stack used: 46 worst case (8 in main + 38 for interrupts)
Stack size: 128

Lines Stmts  %   Files
----- ----- ---  -----
   78    35 100  main.c
   22     0   0  main.h
  852     0   0  C:\Program Files\PICC\devices\30F4011.h
----- -----
  952    35 Total

Page ROM  %  RAM    Vol Diff  Functions:
---- --- --- ---    --- ----  ----------
0     20   2    1             @delay_ms1
0     84   7    6             @SPI_XFER_1
0    176  14    1    718  4.8  main
0     48   4    0     86  1.3  isrTimer1
0     40   3    0     48  1.1  Timer2
 Inline         0             @cinit1

Program metrics:
    Functions               3
    Statements              35
    Comments                137
    Volume (V)              1016
    Difficulty (D)          7.1
    Effort to implement (E) 7228
    Time to implement (T)   7 minutes
    Est Delivered Bugs (B)  0
    Cyclomatic Complexity   1
    Maintainability (MI)    58

 Segment     Used  Free
-----------  ----  ----
00000-00002     4  0  
00004-000FE   252  0  
00100-07FFE   368  32144  



