
ROM used:   280/32768 (1%)
            280/32768 (1%) including unused fragments

            0.3 Average locations per line
            140.0 Average locations per statement

RAM used:   129/2048 (6%) at main() level
            129/2048 (6%) worst case

Stack used: 0 worst case (0 in main + 0 for interrupts)
Stack size: 128

Lines Stmts  %   Files
----- ----- ---  -----
   15     2 100  main.c
   13     0   0  main.h
  852     0   0  C:\Program Files\PICC\Devices\30F4011.h
----- -----
  880     2 Total

Page ROM  %  RAM    Vol Diff  Functions:
---- --- --- ---    --- ----  ----------
0     24   4    1     14  0.8  main
 Inline         0             @cinit1

Program metrics:
    Functions               1
    Statements              2
    Comments                135
    Volume (V)              16
    Difficulty (D)          0.5
    Effort to implement (E) 8
    Time to implement (T)   0 minutes
    Est Delivered Bugs (B)  0
    Cyclomatic Complexity   1
    Maintainability (MI)    108

 Segment     Used  Free
-----------  ----  ----
00000-00002     4  0  
00004-000FE   252  0  
00100-07FFE    24  32488  



